<?xml version="1.0" encoding="UTF-8"?>
<!-- Generated by org.testng.reporters.JUnitReportReporter -->
<testsuite skipped="0" hostname="AU5CG0013TJV" name="mavinautomationlearning.webTest" tests="3" failures="0" timestamp="2020-01-23T21:33:17 AEDT" time="0.019" errors="0">
  <testcase name="weberror" time="0.017" classname="mavinautomationlearning.webTest"/>
  <testcase name="weblogin" time="0.001" classname="mavinautomationlearning.webTest"/>
  <testcase name="webredemption" time="0.001" classname="mavinautomationlearning.webTest"/>
</testsuite> <!-- mavinautomationlearning.webTest -->
