<?xml version="1.0" encoding="UTF-8"?>
<!-- Generated by org.testng.reporters.JUnitReportReporter -->
<testsuite skipped="0" hostname="AU5CG0013TJV" name="mavinautomationlearning.APITest" tests="3" failures="0" timestamp="2020-01-23T21:33:17 AEDT" time="0.002" errors="0">
  <testcase name="apierror" time="0.001" classname="mavinautomationlearning.APITest"/>
  <testcase name="apiredemption" time="0.000" classname="mavinautomationlearning.APITest"/>
  <testcase name="apilogin" time="0.001" classname="mavinautomationlearning.APITest"/>
</testsuite> <!-- mavinautomationlearning.APITest -->
