<?xml version="1.0" encoding="UTF-8"?>
<!-- Generated by org.testng.reporters.JUnitReportReporter -->
<testsuite skipped="0" hostname="AU5CG0013TJV" name="mavinautomationlearning.mobileTest" tests="3" failures="0" timestamp="2020-01-23T21:33:17 AEDT" time="0.002" errors="0">
  <testcase name="moblogin" time="0.000" classname="mavinautomationlearning.mobileTest"/>
  <testcase name="moberror" time="0.001" classname="mavinautomationlearning.mobileTest"/>
  <testcase name="mobredemption" time="0.001" classname="mavinautomationlearning.mobileTest"/>
</testsuite> <!-- mavinautomationlearning.mobileTest -->
